<?xml version="1.0" encoding="UTF-8"?>
<!-- Generated by org.testng.reporters.JUnitReportReporter -->
<testsuite hostname="CDC313410" name="com.testcases.BasePageTest" tests="1" failures="0" timestamp="31 May 2017 08:41:58 GMT" time="26.623" errors="0">
  <testcase name="soutuByPic" time="26.623" classname="com.testcases.BasePageTest"/>
</testsuite> <!-- com.testcases.BasePageTest -->
