<?xml version="1.0" encoding="UTF-8"?>
<!-- Generated by org.testng.reporters.JUnitReportReporter -->
<testsuite hostname="CDC313410" name="com.testcases.BasePageTest" tests="1" failures="0" timestamp="26 May 2017 09:41:56 GMT" time="14.995" errors="0">
  <testcase name="searchText" time="14.995" classname="com.testcases.BasePageTest"/>
</testsuite> <!-- com.testcases.BasePageTest -->
